Building DAG of jobs...
Using shell: /cvmfs/soft.computecanada.ca/nix/var/nix/profiles/16.09/bin/bash
Provided cores: 1 (use --cores to define parallelism)
Rules claiming more threads will be scaled down.
Job counts:
	count	jobs
	1	get_gradients
	1

[Wed May 13 14:30:05 2020]
rule get_gradients:
    input: /home/dimuthu1/scratch/project2/derivatives/diffparc_dev/matrices/Right/sub-CT01_space-T1w_res-2_seed-CIT168_striatum-hcpmmp_connMap.mat, /home/dimuthu1/scratch/project2/derivatives/diffparc_dev/matrices/Left/sub-CT01_space-T1w_res-2_seed-CIT168_striatum-hcpmmp_connMap.mat
    output: ../derivatives/analysis/gradients/sub-CT01/gradients.csv
    jobid: 0
    wildcards: subject=CT01
    resources: mem_mb=4000

/home/dimuthu1/py3/lib/python3.7/site-packages/sklearn/utils/deprecation.py:144: FutureWarning: The sklearn.manifold.spectral_embedding_ module is  deprecated in version 0.22 and will be removed in version 0.24. The corresponding classes / functions should instead be imported from sklearn.manifold. Anything that cannot be imported from sklearn.manifold is now part of the private API.
  warnings.warn(message, FutureWarning)
Right gradient is processed for shape: (180,)
[Wed May 13 14:30:10 2020]
Finished job 0.
1 of 1 steps (100%) done
['CT01']
