Building DAG of jobs...
Using shell: /cvmfs/soft.computecanada.ca/nix/var/nix/profiles/16.09/bin/bash
Provided cores: 1 (use --cores to define parallelism)
Rules claiming more threads will be scaled down.
Job counts:
	count	jobs
	1	get_projections
	1

[Wed May 13 14:36:41 2020]
rule get_projections:
    input: ../derivatives/analysis/gradients/sub-CT01/gradients.csv, /home/dimuthu1/scratch/project2/derivatives/diffparc_dev/work/sub-CT01/labels/t1/HCPNATIVE/HCP-MMP1.nii.gz
    output: ../derivatives/analysis/gradients/sub-CT01/gradient_image.nii.gz, ../derivatives/analysis/gradients/sub-CT01/gradient_image_plot.png
    jobid: 0
    wildcards: subject=CT01
    resources: mem_mb=4000

/scratch/dimuthu1/project2/Project_2/scripts/project_gradients.py:39: DeprecationWarning: get_data() is deprecated in favor of get_fdata(), which has a more predictable return type. To obtain get_data() behavior going forward, use numpy.asanyarray(img.dataobj).

* deprecated from version: 3.0
* Will raise <class 'nibabel.deprecator.ExpiredDeprecationError'> as of version: 5.0
  R_rois = np.loadtxt("cfg/R_coords.txt")
[Wed May 13 14:42:33 2020]
Finished job 0.
1 of 1 steps (100%) done
['CT01']
