Building DAG of jobs...
Using shell: /cvmfs/soft.computecanada.ca/nix/var/nix/profiles/16.09/bin/bash
Provided cores: 8
Rules claiming more threads will be scaled down.
Job counts:
	count	jobs
	1	all
	28	get_gradients
	28	get_projections
	57

[Wed May 13 21:55:24 2020]
rule get_gradients:
    input: /home/dimuthu1/scratch/project2/derivatives/diffparc_dev/matrices/Right/sub-PD06_space-T1w_res-2_seed-CIT168_striatum-hcpmmp_connMap.mat, /home/dimuthu1/scratch/project2/derivatives/diffparc_dev/matrices/Left/sub-PD06_space-T1w_res-2_seed-CIT168_striatum-hcpmmp_connMap.mat, ../derivatives/analysis/gradients/
    output: ../derivatives/analysis/gradients/sub-PD06/gradients.csv
    jobid: 48
    wildcards: subject=PD06

[Wed May 13 21:55:24 2020]
rule get_gradients:
    input: /home/dimuthu1/scratch/project2/derivatives/diffparc_dev/matrices/Right/sub-CT01_space-T1w_res-2_seed-CIT168_striatum-hcpmmp_connMap.mat, /home/dimuthu1/scratch/project2/derivatives/diffparc_dev/matrices/Left/sub-CT01_space-T1w_res-2_seed-CIT168_striatum-hcpmmp_connMap.mat, ../derivatives/analysis/gradients/
    output: ../derivatives/analysis/gradients/sub-CT01/gradients.csv
    jobid: 29
    wildcards: subject=CT01

[Wed May 13 21:55:24 2020]
rule get_gradients:
    input: /home/dimuthu1/scratch/project2/derivatives/diffparc_dev/matrices/Right/sub-PD11_space-T1w_res-2_seed-CIT168_striatum-hcpmmp_connMap.mat, /home/dimuthu1/scratch/project2/derivatives/diffparc_dev/matrices/Left/sub-PD11_space-T1w_res-2_seed-CIT168_striatum-hcpmmp_connMap.mat, ../derivatives/analysis/gradients/
    output: ../derivatives/analysis/gradients/sub-PD11/gradients.csv
    jobid: 52
    wildcards: subject=PD11

[Wed May 13 21:55:24 2020]
rule get_gradients:
    input: /home/dimuthu1/scratch/project2/derivatives/diffparc_dev/matrices/Right/sub-PD02_space-T1w_res-2_seed-CIT168_striatum-hcpmmp_connMap.mat, /home/dimuthu1/scratch/project2/derivatives/diffparc_dev/matrices/Left/sub-PD02_space-T1w_res-2_seed-CIT168_striatum-hcpmmp_connMap.mat, ../derivatives/analysis/gradients/
    output: ../derivatives/analysis/gradients/sub-PD02/gradients.csv
    jobid: 45
    wildcards: subject=PD02

[Wed May 13 21:55:24 2020]
rule get_gradients:
    input: /home/dimuthu1/scratch/project2/derivatives/diffparc_dev/matrices/Right/sub-CT06_space-T1w_res-2_seed-CIT168_striatum-hcpmmp_connMap.mat, /home/dimuthu1/scratch/project2/derivatives/diffparc_dev/matrices/Left/sub-CT06_space-T1w_res-2_seed-CIT168_striatum-hcpmmp_connMap.mat, ../derivatives/analysis/gradients/
    output: ../derivatives/analysis/gradients/sub-CT06/gradients.csv
    jobid: 33
    wildcards: subject=CT06

[Wed May 13 21:55:24 2020]
rule get_gradients:
    input: /home/dimuthu1/scratch/project2/derivatives/diffparc_dev/matrices/Right/sub-CT22_space-T1w_res-2_seed-CIT168_striatum-hcpmmp_connMap.mat, /home/dimuthu1/scratch/project2/derivatives/diffparc_dev/matrices/Left/sub-CT22_space-T1w_res-2_seed-CIT168_striatum-hcpmmp_connMap.mat, ../derivatives/analysis/gradients/
    output: ../derivatives/analysis/gradients/sub-CT22/gradients.csv
    jobid: 43
    wildcards: subject=CT22

[Wed May 13 21:55:24 2020]
rule get_gradients:
    input: /home/dimuthu1/scratch/project2/derivatives/diffparc_dev/matrices/Right/sub-CT04_space-T1w_res-2_seed-CIT168_striatum-hcpmmp_connMap.mat, /home/dimuthu1/scratch/project2/derivatives/diffparc_dev/matrices/Left/sub-CT04_space-T1w_res-2_seed-CIT168_striatum-hcpmmp_connMap.mat, ../derivatives/analysis/gradients/
    output: ../derivatives/analysis/gradients/sub-CT04/gradients.csv
    jobid: 32
    wildcards: subject=CT04

[Wed May 13 21:55:24 2020]
rule get_gradients:
    input: /home/dimuthu1/scratch/project2/derivatives/diffparc_dev/matrices/Right/sub-CT03_space-T1w_res-2_seed-CIT168_striatum-hcpmmp_connMap.mat, /home/dimuthu1/scratch/project2/derivatives/diffparc_dev/matrices/Left/sub-CT03_space-T1w_res-2_seed-CIT168_striatum-hcpmmp_connMap.mat, ../derivatives/analysis/gradients/
    output: ../derivatives/analysis/gradients/sub-CT03/gradients.csv
    jobid: 31
    wildcards: subject=CT03

[Wed May 13 21:55:27 2020]
Finished job 48.
1 of 57 steps (2%) done

[Wed May 13 21:55:27 2020]
rule get_projections:
    input: ../derivatives/analysis/gradients/sub-PD06/gradients.csv, /home/dimuthu1/scratch/project2/derivatives/diffparc_dev/work/sub-PD06/labels/t1/HCPNATIVE/HCP-MMP1.nii.gz
    output: ../derivatives/analysis/gradients/sub-PD06/gradient_image.nii.gz, ../derivatives/analysis/gradients/sub-PD06/gradient_image_plot.png
    jobid: 20
    wildcards: subject=PD06

[Wed May 13 21:55:27 2020]
Finished job 33.
2 of 57 steps (4%) done
[Wed May 13 21:55:27 2020]
Finished job 29.
3 of 57 steps (5%) done

[Wed May 13 21:55:27 2020]
rule get_projections:
    input: ../derivatives/analysis/gradients/sub-CT01/gradients.csv, /home/dimuthu1/scratch/project2/derivatives/diffparc_dev/work/sub-CT01/labels/t1/HCPNATIVE/HCP-MMP1.nii.gz
    output: ../derivatives/analysis/gradients/sub-CT01/gradient_image.nii.gz, ../derivatives/analysis/gradients/sub-CT01/gradient_image_plot.png
    jobid: 1
    wildcards: subject=CT01

[Wed May 13 21:55:27 2020]
Finished job 31.
4 of 57 steps (7%) done
[Wed May 13 21:55:27 2020]
Finished job 32.
5 of 57 steps (9%) done

[Wed May 13 21:55:27 2020]
rule get_projections:
    input: ../derivatives/analysis/gradients/sub-CT06/gradients.csv, /home/dimuthu1/scratch/project2/derivatives/diffparc_dev/work/sub-CT06/labels/t1/HCPNATIVE/HCP-MMP1.nii.gz
    output: ../derivatives/analysis/gradients/sub-CT06/gradient_image.nii.gz, ../derivatives/analysis/gradients/sub-CT06/gradient_image_plot.png
    jobid: 5
    wildcards: subject=CT06

[Wed May 13 21:55:27 2020]
Finished job 43.
6 of 57 steps (11%) done
[Wed May 13 21:55:27 2020]
Finished job 52.
7 of 57 steps (12%) done

[Wed May 13 21:55:27 2020]
rule get_projections:
    input: ../derivatives/analysis/gradients/sub-CT22/gradients.csv, /home/dimuthu1/scratch/project2/derivatives/diffparc_dev/work/sub-CT22/labels/t1/HCPNATIVE/HCP-MMP1.nii.gz
    output: ../derivatives/analysis/gradients/sub-CT22/gradient_image.nii.gz, ../derivatives/analysis/gradients/sub-CT22/gradient_image_plot.png
    jobid: 15
    wildcards: subject=CT22

[Wed May 13 21:55:27 2020]
rule get_projections:
    input: ../derivatives/analysis/gradients/sub-CT04/gradients.csv, /home/dimuthu1/scratch/project2/derivatives/diffparc_dev/work/sub-CT04/labels/t1/HCPNATIVE/HCP-MMP1.nii.gz
    output: ../derivatives/analysis/gradients/sub-CT04/gradient_image.nii.gz, ../derivatives/analysis/gradients/sub-CT04/gradient_image_plot.png
    jobid: 4
    wildcards: subject=CT04


[Wed May 13 21:55:27 2020]
rule get_projections:
    input: ../derivatives/analysis/gradients/sub-CT03/gradients.csv, /home/dimuthu1/scratch/project2/derivatives/diffparc_dev/work/sub-CT03/labels/t1/HCPNATIVE/HCP-MMP1.nii.gz
    output: ../derivatives/analysis/gradients/sub-CT03/gradient_image.nii.gz, ../derivatives/analysis/gradients/sub-CT03/gradient_image_plot.png
    jobid: 3
    wildcards: subject=CT03


[Wed May 13 21:55:27 2020]
rule get_projections:
    input: ../derivatives/analysis/gradients/sub-PD11/gradients.csv, /home/dimuthu1/scratch/project2/derivatives/diffparc_dev/work/sub-PD11/labels/t1/HCPNATIVE/HCP-MMP1.nii.gz
    output: ../derivatives/analysis/gradients/sub-PD11/gradient_image.nii.gz, ../derivatives/analysis/gradients/sub-PD11/gradient_image_plot.png
    jobid: 24
    wildcards: subject=PD11

[Wed May 13 21:55:28 2020]
Finished job 45.
8 of 57 steps (14%) done

[Wed May 13 21:55:28 2020]
rule get_projections:
    input: ../derivatives/analysis/gradients/sub-PD02/gradients.csv, /home/dimuthu1/scratch/project2/derivatives/diffparc_dev/work/sub-PD02/labels/t1/HCPNATIVE/HCP-MMP1.nii.gz
    output: ../derivatives/analysis/gradients/sub-PD02/gradient_image.nii.gz, ../derivatives/analysis/gradients/sub-PD02/gradient_image_plot.png
    jobid: 17
    wildcards: subject=PD02

[Wed May 13 21:55:29 2020]
Error in rule get_projections:
    jobid: 1
    output: ../derivatives/analysis/gradients/sub-CT01/gradient_image.nii.gz, ../derivatives/analysis/gradients/sub-CT01/gradient_image_plot.png

RuleException:
CalledProcessError in line 43 of /scratch/dimuthu1/project2/Project_2/Snakefile:
Command 'set -euo pipefail;  /home/dimuthu1/py3/bin/python /scratch/dimuthu1/project2/Project_2/.snakemake/scripts/tmptd25dxc7.project_gradients.py' returned non-zero exit status 1.
  File "/scratch/dimuthu1/project2/Project_2/Snakefile", line 43, in __rule_get_projections
  File "/cvmfs/soft.computecanada.ca/easybuild/software/2017/Core/python/3.7.0/lib/python3.7/concurrent/futures/thread.py", line 57, in run
[Wed May 13 21:55:29 2020]
Error in rule get_projections:
    jobid: 3
    output: ../derivatives/analysis/gradients/sub-CT03/gradient_image.nii.gz, ../derivatives/analysis/gradients/sub-CT03/gradient_image_plot.png

RuleException:
CalledProcessError in line 43 of /scratch/dimuthu1/project2/Project_2/Snakefile:
Command 'set -euo pipefail;  /home/dimuthu1/py3/bin/python /scratch/dimuthu1/project2/Project_2/.snakemake/scripts/tmpakn26roa.project_gradients.py' returned non-zero exit status 1.
  File "/scratch/dimuthu1/project2/Project_2/Snakefile", line 43, in __rule_get_projections
  File "/cvmfs/soft.computecanada.ca/easybuild/software/2017/Core/python/3.7.0/lib/python3.7/concurrent/futures/thread.py", line 57, in run
[Wed May 13 21:55:29 2020]
Error in rule get_projections:
    jobid: 15
    output: ../derivatives/analysis/gradients/sub-CT22/gradient_image.nii.gz, ../derivatives/analysis/gradients/sub-CT22/gradient_image_plot.png

RuleException:
CalledProcessError in line 43 of /scratch/dimuthu1/project2/Project_2/Snakefile:
Command 'set -euo pipefail;  /home/dimuthu1/py3/bin/python /scratch/dimuthu1/project2/Project_2/.snakemake/scripts/tmpw0vujfbm.project_gradients.py' returned non-zero exit status 1.
  File "/scratch/dimuthu1/project2/Project_2/Snakefile", line 43, in __rule_get_projections
  File "/cvmfs/soft.computecanada.ca/easybuild/software/2017/Core/python/3.7.0/lib/python3.7/concurrent/futures/thread.py", line 57, in run
[Wed May 13 21:55:29 2020]
Error in rule get_projections:
    jobid: 5
    output: ../derivatives/analysis/gradients/sub-CT06/gradient_image.nii.gz, ../derivatives/analysis/gradients/sub-CT06/gradient_image_plot.png

RuleException:
CalledProcessError in line 43 of /scratch/dimuthu1/project2/Project_2/Snakefile:
Command 'set -euo pipefail;  /home/dimuthu1/py3/bin/python /scratch/dimuthu1/project2/Project_2/.snakemake/scripts/tmp3ude2bbd.project_gradients.py' returned non-zero exit status 1.
  File "/scratch/dimuthu1/project2/Project_2/Snakefile", line 43, in __rule_get_projections
  File "/cvmfs/soft.computecanada.ca/easybuild/software/2017/Core/python/3.7.0/lib/python3.7/concurrent/futures/thread.py", line 57, in run
[Wed May 13 21:55:29 2020]
Error in rule get_projections:
    jobid: 4
    output: ../derivatives/analysis/gradients/sub-CT04/gradient_image.nii.gz, ../derivatives/analysis/gradients/sub-CT04/gradient_image_plot.png

RuleException:
CalledProcessError in line 43 of /scratch/dimuthu1/project2/Project_2/Snakefile:
Command 'set -euo pipefail;  /home/dimuthu1/py3/bin/python /scratch/dimuthu1/project2/Project_2/.snakemake/scripts/tmpltjj9sy7.project_gradients.py' returned non-zero exit status 1.
  File "/scratch/dimuthu1/project2/Project_2/Snakefile", line 43, in __rule_get_projections
  File "/cvmfs/soft.computecanada.ca/easybuild/software/2017/Core/python/3.7.0/lib/python3.7/concurrent/futures/thread.py", line 57, in run
[Wed May 13 21:55:29 2020]
Error in rule get_projections:
    jobid: 20
    output: ../derivatives/analysis/gradients/sub-PD06/gradient_image.nii.gz, ../derivatives/analysis/gradients/sub-PD06/gradient_image_plot.png

RuleException:
CalledProcessError in line 43 of /scratch/dimuthu1/project2/Project_2/Snakefile:
Command 'set -euo pipefail;  /home/dimuthu1/py3/bin/python /scratch/dimuthu1/project2/Project_2/.snakemake/scripts/tmp48iopzmk.project_gradients.py' returned non-zero exit status 1.
  File "/scratch/dimuthu1/project2/Project_2/Snakefile", line 43, in __rule_get_projections
  File "/cvmfs/soft.computecanada.ca/easybuild/software/2017/Core/python/3.7.0/lib/python3.7/concurrent/futures/thread.py", line 57, in run
[Wed May 13 21:55:29 2020]
Error in rule get_projections:
    jobid: 24
    output: ../derivatives/analysis/gradients/sub-PD11/gradient_image.nii.gz, ../derivatives/analysis/gradients/sub-PD11/gradient_image_plot.png

RuleException:
CalledProcessError in line 43 of /scratch/dimuthu1/project2/Project_2/Snakefile:
Command 'set -euo pipefail;  /home/dimuthu1/py3/bin/python /scratch/dimuthu1/project2/Project_2/.snakemake/scripts/tmp518nxkvu.project_gradients.py' returned non-zero exit status 1.
  File "/scratch/dimuthu1/project2/Project_2/Snakefile", line 43, in __rule_get_projections
  File "/cvmfs/soft.computecanada.ca/easybuild/software/2017/Core/python/3.7.0/lib/python3.7/concurrent/futures/thread.py", line 57, in run
[Wed May 13 21:55:30 2020]
Error in rule get_projections:
    jobid: 17
    output: ../derivatives/analysis/gradients/sub-PD02/gradient_image.nii.gz, ../derivatives/analysis/gradients/sub-PD02/gradient_image_plot.png

RuleException:
CalledProcessError in line 43 of /scratch/dimuthu1/project2/Project_2/Snakefile:
Command 'set -euo pipefail;  /home/dimuthu1/py3/bin/python /scratch/dimuthu1/project2/Project_2/.snakemake/scripts/tmp97c42qj8.project_gradients.py' returned non-zero exit status 1.
  File "/scratch/dimuthu1/project2/Project_2/Snakefile", line 43, in __rule_get_projections
  File "/cvmfs/soft.computecanada.ca/easybuild/software/2017/Core/python/3.7.0/lib/python3.7/concurrent/futures/thread.py", line 57, in run
Shutting down, this might take some time.
Exiting because a job execution failed. Look above for error message
Complete log: /scratch/dimuthu1/project2/Project_2/.snakemake/log/2020-05-13T215523.316184.snakemake.log
