Building DAG of jobs...
Using shell: /cvmfs/soft.computecanada.ca/nix/var/nix/profiles/16.09/bin/bash
Provided cluster nodes: 500
Job counts:
	count	jobs
	1	all
	1	get_gradients
	1	get_projections
	3

[Wed May 13 14:27:38 2020]
rule get_gradients:
    input: /home/dimuthu1/scratch/project2/derivatives/diffparc_dev/matrices/Right/sub-CT01_space-T1w_res-2_seed-CIT168_striatum-hcpmmp_connMap.mat, /home/dimuthu1/scratch/project2/derivatives/diffparc_dev/matrices/Left/sub-CT01_space-T1w_res-2_seed-CIT168_striatum-hcpmmp_connMap.mat
    output: ../derivatives/analysis/gradients/sub-CT01/gradients.csv
    jobid: 2
    wildcards: subject=CT01
    resources: mem_mb=4000

Submitted job 2 with external jobid '31398929'.

[Wed May 13 14:27:38 2020]
rule get_projections:
    input: ../derivatives/analysis/gradients/sub-CT01/gradients.csv, /home/dimuthu1/scratch/project2/derivatives/diffparc_dev/work/sub-CT01/labels/t1/HCPNATIVE/HCP-MMP1.nii.gz
    output: ../derivatives/analysis/gradients/sub-CT01/gradient_image.nii.gz, ../derivatives/analysis/gradients/sub-CT01/gradient_image_plot.png
    jobid: 1
    wildcards: subject=CT01
    resources: mem_mb=4000

Submitted job 1 with external jobid '31398930'.

[Wed May 13 14:27:39 2020]
localrule all:
    input: ../derivatives/analysis/gradients/sub-CT01/gradient_image.nii.gz
    jobid: 0
    resources: mem_mb=4000

Submitted job 0 with external jobid '31398932'.
Complete log: /scratch/dimuthu1/project2/Project_2/.snakemake/log/2020-05-13T142737.494648.snakemake.log
