Building DAG of jobs...
Using shell: /cvmfs/soft.computecanada.ca/nix/var/nix/profiles/16.09/bin/bash
Provided cores: 8
Rules claiming more threads will be scaled down.
Job counts:
	count	jobs
	1	all
	1	get_gradients
	4	get_projections
	6

[Thu May 14 00:33:01 2020]
rule get_gradients:
    input: /home/dimuthu1/scratch/project2/derivatives/diffparc_dev/matrices/Right/sub-CT01_space-T1w_res-2_seed-CIT168_striatum-hcpmmp_connMap.mat, /home/dimuthu1/scratch/project2/derivatives/diffparc_dev/matrices/Left/sub-CT01_space-T1w_res-2_seed-CIT168_striatum-hcpmmp_connMap.mat, ../derivatives/analysis/gradients/
    output: ../derivatives/analysis/gradients/sub-CT01/gradients.csv
    jobid: 5
    wildcards: subject=CT01

[Thu May 14 00:33:04 2020]
Finished job 5.
1 of 6 steps (17%) done

[Thu May 14 00:33:04 2020]
rule get_projections:
    input: ../derivatives/analysis/gradients/sub-CT01/gradients.csv, /home/dimuthu1/scratch/project2/derivatives/diffparc_dev/work/sub-CT01/labels/t1/HCPNATIVE/HCP-MMP1.nii.gz
    output: ../derivatives/analysis/gradients/sub-CT01/gradient_4_image.nii.gz, ../derivatives/analysis/gradients/sub-CT01/gradient_4_image_plot.png
    jobid: 4
    wildcards: subject=CT01, componant=4

[Thu May 14 00:33:04 2020]
rule get_projections:
    input: ../derivatives/analysis/gradients/sub-CT01/gradients.csv, /home/dimuthu1/scratch/project2/derivatives/diffparc_dev/work/sub-CT01/labels/t1/HCPNATIVE/HCP-MMP1.nii.gz
    output: ../derivatives/analysis/gradients/sub-CT01/gradient_2_image.nii.gz, ../derivatives/analysis/gradients/sub-CT01/gradient_2_image_plot.png
    jobid: 2
    wildcards: subject=CT01, componant=2


[Thu May 14 00:33:04 2020]
rule get_projections:
    input: ../derivatives/analysis/gradients/sub-CT01/gradients.csv, /home/dimuthu1/scratch/project2/derivatives/diffparc_dev/work/sub-CT01/labels/t1/HCPNATIVE/HCP-MMP1.nii.gz
    output: ../derivatives/analysis/gradients/sub-CT01/gradient_3_image.nii.gz, ../derivatives/analysis/gradients/sub-CT01/gradient_3_image_plot.png
    jobid: 3
    wildcards: subject=CT01, componant=3


[Thu May 14 00:33:04 2020]
rule get_projections:
    input: ../derivatives/analysis/gradients/sub-CT01/gradients.csv, /home/dimuthu1/scratch/project2/derivatives/diffparc_dev/work/sub-CT01/labels/t1/HCPNATIVE/HCP-MMP1.nii.gz
    output: ../derivatives/analysis/gradients/sub-CT01/gradient_1_image.nii.gz, ../derivatives/analysis/gradients/sub-CT01/gradient_1_image_plot.png
    jobid: 1
    wildcards: subject=CT01, componant=1

[Thu May 14 00:33:06 2020]
Error in rule get_projections:
    jobid: 2
    output: ../derivatives/analysis/gradients/sub-CT01/gradient_2_image.nii.gz, ../derivatives/analysis/gradients/sub-CT01/gradient_2_image_plot.png

RuleException:
CalledProcessError in line 48 of /scratch/dimuthu1/project2/Project_2/Snakefile:
Command 'set -euo pipefail;  /home/dimuthu1/py3/bin/python /scratch/dimuthu1/project2/Project_2/.snakemake/scripts/tmpcxtnogjh.project_gradients.py' returned non-zero exit status 1.
  File "/scratch/dimuthu1/project2/Project_2/Snakefile", line 48, in __rule_get_projections
  File "/cvmfs/soft.computecanada.ca/easybuild/software/2017/Core/python/3.7.0/lib/python3.7/concurrent/futures/thread.py", line 57, in run
[Thu May 14 00:33:06 2020]
Error in rule get_projections:
    jobid: 3
    output: ../derivatives/analysis/gradients/sub-CT01/gradient_3_image.nii.gz, ../derivatives/analysis/gradients/sub-CT01/gradient_3_image_plot.png

RuleException:
CalledProcessError in line 48 of /scratch/dimuthu1/project2/Project_2/Snakefile:
Command 'set -euo pipefail;  /home/dimuthu1/py3/bin/python /scratch/dimuthu1/project2/Project_2/.snakemake/scripts/tmpf_eh_h_3.project_gradients.py' returned non-zero exit status 1.
  File "/scratch/dimuthu1/project2/Project_2/Snakefile", line 48, in __rule_get_projections
  File "/cvmfs/soft.computecanada.ca/easybuild/software/2017/Core/python/3.7.0/lib/python3.7/concurrent/futures/thread.py", line 57, in run
[Thu May 14 00:33:06 2020]
Error in rule get_projections:
    jobid: 4
    output: ../derivatives/analysis/gradients/sub-CT01/gradient_4_image.nii.gz, ../derivatives/analysis/gradients/sub-CT01/gradient_4_image_plot.png

RuleException:
CalledProcessError in line 48 of /scratch/dimuthu1/project2/Project_2/Snakefile:
Command 'set -euo pipefail;  /home/dimuthu1/py3/bin/python /scratch/dimuthu1/project2/Project_2/.snakemake/scripts/tmpw14rb11f.project_gradients.py' returned non-zero exit status 1.
  File "/scratch/dimuthu1/project2/Project_2/Snakefile", line 48, in __rule_get_projections
  File "/cvmfs/soft.computecanada.ca/easybuild/software/2017/Core/python/3.7.0/lib/python3.7/concurrent/futures/thread.py", line 57, in run
[Thu May 14 00:33:06 2020]
Error in rule get_projections:
    jobid: 1
    output: ../derivatives/analysis/gradients/sub-CT01/gradient_1_image.nii.gz, ../derivatives/analysis/gradients/sub-CT01/gradient_1_image_plot.png

RuleException:
CalledProcessError in line 48 of /scratch/dimuthu1/project2/Project_2/Snakefile:
Command 'set -euo pipefail;  /home/dimuthu1/py3/bin/python /scratch/dimuthu1/project2/Project_2/.snakemake/scripts/tmp6sd8a8rt.project_gradients.py' returned non-zero exit status 1.
  File "/scratch/dimuthu1/project2/Project_2/Snakefile", line 48, in __rule_get_projections
  File "/cvmfs/soft.computecanada.ca/easybuild/software/2017/Core/python/3.7.0/lib/python3.7/concurrent/futures/thread.py", line 57, in run
Shutting down, this might take some time.
Exiting because a job execution failed. Look above for error message
Complete log: /scratch/dimuthu1/project2/Project_2/.snakemake/log/2020-05-14T003300.346158.snakemake.log
