Building DAG of jobs...
Using shell: /cvmfs/soft.computecanada.ca/nix/var/nix/profiles/16.09/bin/bash
Provided cores: 8
Rules claiming more threads will be scaled down.
Job counts:
	count	jobs
	1	all
	4	get_projections
	5

[Thu May 14 00:34:41 2020]
rule get_projections:
    input: ../derivatives/analysis/gradients/sub-CT01/gradients.csv, /home/dimuthu1/scratch/project2/derivatives/diffparc_dev/work/sub-CT01/labels/t1/HCPNATIVE/HCP-MMP1.nii.gz
    output: ../derivatives/analysis/gradients/sub-CT01/gradient_4_image.nii.gz, ../derivatives/analysis/gradients/sub-CT01/gradient_4_image_plot.png
    jobid: 4
    wildcards: subject=CT01, componant=4

[Thu May 14 00:34:41 2020]
rule get_projections:
    input: ../derivatives/analysis/gradients/sub-CT01/gradients.csv, /home/dimuthu1/scratch/project2/derivatives/diffparc_dev/work/sub-CT01/labels/t1/HCPNATIVE/HCP-MMP1.nii.gz
    output: ../derivatives/analysis/gradients/sub-CT01/gradient_3_image.nii.gz, ../derivatives/analysis/gradients/sub-CT01/gradient_3_image_plot.png
    jobid: 3
    wildcards: subject=CT01, componant=3

[Thu May 14 00:34:41 2020]
rule get_projections:
    input: ../derivatives/analysis/gradients/sub-CT01/gradients.csv, /home/dimuthu1/scratch/project2/derivatives/diffparc_dev/work/sub-CT01/labels/t1/HCPNATIVE/HCP-MMP1.nii.gz
    output: ../derivatives/analysis/gradients/sub-CT01/gradient_2_image.nii.gz, ../derivatives/analysis/gradients/sub-CT01/gradient_2_image_plot.png
    jobid: 2
    wildcards: subject=CT01, componant=2

[Thu May 14 00:34:41 2020]
rule get_projections:
    input: ../derivatives/analysis/gradients/sub-CT01/gradients.csv, /home/dimuthu1/scratch/project2/derivatives/diffparc_dev/work/sub-CT01/labels/t1/HCPNATIVE/HCP-MMP1.nii.gz
    output: ../derivatives/analysis/gradients/sub-CT01/gradient_1_image.nii.gz, ../derivatives/analysis/gradients/sub-CT01/gradient_1_image_plot.png
    jobid: 1
    wildcards: subject=CT01, componant=1

[Thu May 14 00:39:35 2020]
Finished job 4.
1 of 5 steps (20%) done
[Thu May 14 00:39:35 2020]
Finished job 1.
2 of 5 steps (40%) done
[Thu May 14 00:39:40 2020]
Finished job 3.
3 of 5 steps (60%) done
[Thu May 14 00:39:40 2020]
Finished job 2.
4 of 5 steps (80%) done

[Thu May 14 00:39:40 2020]
localrule all:
    input: ../derivatives/analysis/gradients/sub-CT01/gradient_1_image.nii.gz, ../derivatives/analysis/gradients/sub-CT01/gradient_2_image.nii.gz, ../derivatives/analysis/gradients/sub-CT01/gradient_3_image.nii.gz, ../derivatives/analysis/gradients/sub-CT01/gradient_4_image.nii.gz
    jobid: 0

[Thu May 14 00:39:40 2020]
Finished job 0.
5 of 5 steps (100%) done
Complete log: /scratch/dimuthu1/project2/Project_2/.snakemake/log/2020-05-14T003440.330832.snakemake.log
