Building DAG of jobs...
Using shell: /cvmfs/soft.computecanada.ca/nix/var/nix/profiles/16.09/bin/bash
Provided cores: 8
Rules claiming more threads will be scaled down.
Job counts:
	count	jobs
	1	all
	1	get_gradients
	1	get_projections
	3

[Wed May 13 15:36:35 2020]
rule get_gradients:
    input: /home/dimuthu1/scratch/project2/derivatives/diffparc_dev/matrices/Right/sub-CT01_space-T1w_res-2_seed-CIT168_striatum-hcpmmp_connMap.mat, /home/dimuthu1/scratch/project2/derivatives/diffparc_dev/matrices/Left/sub-CT01_space-T1w_res-2_seed-CIT168_striatum-hcpmmp_connMap.mat, ../derivatives/analysis/gradients/
    output: ../derivatives/analysis/gradients/sub-CT01/gradients.csv
    jobid: 2
    wildcards: subject=CT01

[Wed May 13 15:36:39 2020]
Finished job 2.
1 of 3 steps (33%) done

[Wed May 13 15:36:39 2020]
rule get_projections:
    input: ../derivatives/analysis/gradients/sub-CT01/gradients.csv, /home/dimuthu1/scratch/project2/derivatives/diffparc_dev/work/sub-CT01/labels/t1/HCPNATIVE/HCP-MMP1.nii.gz
    output: ../derivatives/analysis/gradients/sub-CT01/gradient_image.nii.gz, ../derivatives/analysis/gradients/sub-CT01/gradient_image_plot.png
    jobid: 1
    wildcards: subject=CT01

[Wed May 13 15:42:00 2020]
Finished job 1.
2 of 3 steps (67%) done

[Wed May 13 15:42:00 2020]
localrule all:
    input: ../derivatives/analysis/gradients/sub-CT01/gradient_image.nii.gz
    jobid: 0

[Wed May 13 15:42:00 2020]
Finished job 0.
3 of 3 steps (100%) done
Complete log: /scratch/dimuthu1/project2/Project_2/.snakemake/log/2020-05-13T153635.089195.snakemake.log
