Building DAG of jobs...
Using shell: /cvmfs/soft.computecanada.ca/nix/var/nix/profiles/16.09/bin/bash
Provided cores: 8
Rules claiming more threads will be scaled down.
Job counts:
	count	jobs
	1	all
	1	get_projections
	2

[Wed May 13 22:20:27 2020]
rule get_projections:
    input: ../derivatives/analysis/gradients/sub-CT01/gradients.csv, /home/dimuthu1/scratch/project2/derivatives/diffparc_dev/work/sub-CT01/labels/t1/HCPNATIVE/HCP-MMP1.nii.gz
    output: ../derivatives/analysis/gradients/sub-CT01/gradient_image.nii.gz, ../derivatives/analysis/gradients/sub-CT01/gradient_image_plot.png
    jobid: 1
    wildcards: subject=CT01

[Wed May 13 22:25:06 2020]
Finished job 1.
1 of 2 steps (50%) done

[Wed May 13 22:25:06 2020]
localrule all:
    input: ../derivatives/analysis/gradients/sub-CT01/gradient_image.nii.gz
    jobid: 0

[Wed May 13 22:25:06 2020]
Finished job 0.
2 of 2 steps (100%) done
Complete log: /scratch/dimuthu1/project2/Project_2/.snakemake/log/2020-05-13T222026.552872.snakemake.log
