Building DAG of jobs...
Using shell: /cvmfs/soft.computecanada.ca/nix/var/nix/profiles/16.09/bin/bash
Provided cores: 8
Rules claiming more threads will be scaled down.
Job counts:
	count	jobs
	1	all
	26	get_gradients
	26	get_projections
	53

[Wed May 13 21:53:56 2020]
rule get_gradients:
    input: /home/dimuthu1/scratch/project2/derivatives/diffparc_dev/matrices/Right/sub-CT03_space-T1w_res-2_seed-CIT168_striatum-hcpmmp_connMap.mat, /home/dimuthu1/scratch/project2/derivatives/diffparc_dev/matrices/Left/sub-CT03_space-T1w_res-2_seed-CIT168_striatum-hcpmmp_connMap.mat, ../derivatives/analysis/gradients/
    output: ../derivatives/analysis/gradients/sub-CT03/gradients.csv
    jobid: 31
    wildcards: subject=CT03

[Wed May 13 21:53:56 2020]
rule get_gradients:
    input: /home/dimuthu1/scratch/project2/derivatives/diffparc_dev/matrices/Right/sub-CT22_space-T1w_res-2_seed-CIT168_striatum-hcpmmp_connMap.mat, /home/dimuthu1/scratch/project2/derivatives/diffparc_dev/matrices/Left/sub-CT22_space-T1w_res-2_seed-CIT168_striatum-hcpmmp_connMap.mat, ../derivatives/analysis/gradients/
    output: ../derivatives/analysis/gradients/sub-CT22/gradients.csv
    jobid: 43
    wildcards: subject=CT22

[Wed May 13 21:53:56 2020]
rule get_gradients:
    input: /home/dimuthu1/scratch/project2/derivatives/diffparc_dev/matrices/Right/sub-PD02_space-T1w_res-2_seed-CIT168_striatum-hcpmmp_connMap.mat, /home/dimuthu1/scratch/project2/derivatives/diffparc_dev/matrices/Left/sub-PD02_space-T1w_res-2_seed-CIT168_striatum-hcpmmp_connMap.mat, ../derivatives/analysis/gradients/
    output: ../derivatives/analysis/gradients/sub-PD02/gradients.csv
    jobid: 45
    wildcards: subject=PD02

[Wed May 13 21:53:56 2020]
rule get_gradients:
    input: /home/dimuthu1/scratch/project2/derivatives/diffparc_dev/matrices/Right/sub-CT01_space-T1w_res-2_seed-CIT168_striatum-hcpmmp_connMap.mat, /home/dimuthu1/scratch/project2/derivatives/diffparc_dev/matrices/Left/sub-CT01_space-T1w_res-2_seed-CIT168_striatum-hcpmmp_connMap.mat, ../derivatives/analysis/gradients/
    output: ../derivatives/analysis/gradients/sub-CT01/gradients.csv
    jobid: 29
    wildcards: subject=CT01

[Wed May 13 21:53:56 2020]
rule get_gradients:
    input: /home/dimuthu1/scratch/project2/derivatives/diffparc_dev/matrices/Right/sub-CT04_space-T1w_res-2_seed-CIT168_striatum-hcpmmp_connMap.mat, /home/dimuthu1/scratch/project2/derivatives/diffparc_dev/matrices/Left/sub-CT04_space-T1w_res-2_seed-CIT168_striatum-hcpmmp_connMap.mat, ../derivatives/analysis/gradients/
    output: ../derivatives/analysis/gradients/sub-CT04/gradients.csv
    jobid: 32
    wildcards: subject=CT04

[Wed May 13 21:53:56 2020]
rule get_gradients:
    input: /home/dimuthu1/scratch/project2/derivatives/diffparc_dev/matrices/Right/sub-PD11_space-T1w_res-2_seed-CIT168_striatum-hcpmmp_connMap.mat, /home/dimuthu1/scratch/project2/derivatives/diffparc_dev/matrices/Left/sub-PD11_space-T1w_res-2_seed-CIT168_striatum-hcpmmp_connMap.mat, ../derivatives/analysis/gradients/
    output: ../derivatives/analysis/gradients/sub-PD11/gradients.csv
    jobid: 52
    wildcards: subject=PD11

[Wed May 13 21:53:56 2020]
rule get_gradients:
    input: /home/dimuthu1/scratch/project2/derivatives/diffparc_dev/matrices/Right/sub-PD06_space-T1w_res-2_seed-CIT168_striatum-hcpmmp_connMap.mat, /home/dimuthu1/scratch/project2/derivatives/diffparc_dev/matrices/Left/sub-PD06_space-T1w_res-2_seed-CIT168_striatum-hcpmmp_connMap.mat, ../derivatives/analysis/gradients/
    output: ../derivatives/analysis/gradients/sub-PD06/gradients.csv
    jobid: 48
    wildcards: subject=PD06

[Wed May 13 21:53:56 2020]
rule get_gradients:
    input: /home/dimuthu1/scratch/project2/derivatives/diffparc_dev/matrices/Right/sub-CT18_space-T1w_res-2_seed-CIT168_striatum-hcpmmp_connMap.mat, /home/dimuthu1/scratch/project2/derivatives/diffparc_dev/matrices/Left/sub-CT18_space-T1w_res-2_seed-CIT168_striatum-hcpmmp_connMap.mat, ../derivatives/analysis/gradients/
    output: ../derivatives/analysis/gradients/sub-CT18/gradients.csv
    jobid: 40
    wildcards: subject=CT18

[Wed May 13 21:54:01 2020]
Finished job 31.
1 of 53 steps (2%) done

[Wed May 13 21:54:01 2020]
rule get_projections:
    input: ../derivatives/analysis/gradients/sub-CT03/gradients.csv, /home/dimuthu1/scratch/project2/derivatives/diffparc_dev/work/sub-CT03/labels/t1/HCPNATIVE/HCP-MMP1.nii.gz
    output: ../derivatives/analysis/gradients/sub-CT03/gradient_image.nii.gz, ../derivatives/analysis/gradients/sub-CT03/gradient_image_plot.png
    jobid: 3
    wildcards: subject=CT03

[Wed May 13 21:54:01 2020]
Finished job 29.
2 of 53 steps (4%) done
[Wed May 13 21:54:01 2020]
Finished job 45.
3 of 53 steps (6%) done
[Wed May 13 21:54:01 2020]
Finished job 43.
4 of 53 steps (8%) done
[Wed May 13 21:54:01 2020]
Finished job 48.
5 of 53 steps (9%) done
[Wed May 13 21:54:01 2020]
Finished job 32.
6 of 53 steps (11%) done

[Wed May 13 21:54:01 2020]
rule get_projections:
    input: ../derivatives/analysis/gradients/sub-CT22/gradients.csv, /home/dimuthu1/scratch/project2/derivatives/diffparc_dev/work/sub-CT22/labels/t1/HCPNATIVE/HCP-MMP1.nii.gz
    output: ../derivatives/analysis/gradients/sub-CT22/gradient_image.nii.gz, ../derivatives/analysis/gradients/sub-CT22/gradient_image_plot.png
    jobid: 15
    wildcards: subject=CT22


[Wed May 13 21:54:01 2020]
rule get_projections:
    input: ../derivatives/analysis/gradients/sub-PD02/gradients.csv, /home/dimuthu1/scratch/project2/derivatives/diffparc_dev/work/sub-PD02/labels/t1/HCPNATIVE/HCP-MMP1.nii.gz
    output: ../derivatives/analysis/gradients/sub-PD02/gradient_image.nii.gz, ../derivatives/analysis/gradients/sub-PD02/gradient_image_plot.png
    jobid: 17
    wildcards: subject=PD02


[Wed May 13 21:54:01 2020]
rule get_projections:
    input: ../derivatives/analysis/gradients/sub-CT04/gradients.csv, /home/dimuthu1/scratch/project2/derivatives/diffparc_dev/work/sub-CT04/labels/t1/HCPNATIVE/HCP-MMP1.nii.gz
    output: ../derivatives/analysis/gradients/sub-CT04/gradient_image.nii.gz, ../derivatives/analysis/gradients/sub-CT04/gradient_image_plot.png
    jobid: 4
    wildcards: subject=CT04


[Wed May 13 21:54:01 2020]
rule get_projections:
    input: ../derivatives/analysis/gradients/sub-CT01/gradients.csv, /home/dimuthu1/scratch/project2/derivatives/diffparc_dev/work/sub-CT01/labels/t1/HCPNATIVE/HCP-MMP1.nii.gz
    output: ../derivatives/analysis/gradients/sub-CT01/gradient_image.nii.gz, ../derivatives/analysis/gradients/sub-CT01/gradient_image_plot.png
    jobid: 1
    wildcards: subject=CT01


[Wed May 13 21:54:01 2020]
rule get_projections:
    input: ../derivatives/analysis/gradients/sub-PD06/gradients.csv, /home/dimuthu1/scratch/project2/derivatives/diffparc_dev/work/sub-PD06/labels/t1/HCPNATIVE/HCP-MMP1.nii.gz
    output: ../derivatives/analysis/gradients/sub-PD06/gradient_image.nii.gz, ../derivatives/analysis/gradients/sub-PD06/gradient_image_plot.png
    jobid: 20
    wildcards: subject=PD06

[Wed May 13 21:54:01 2020]
Finished job 52.
7 of 53 steps (13%) done

[Wed May 13 21:54:01 2020]
rule get_projections:
    input: ../derivatives/analysis/gradients/sub-PD11/gradients.csv, /home/dimuthu1/scratch/project2/derivatives/diffparc_dev/work/sub-PD11/labels/t1/HCPNATIVE/HCP-MMP1.nii.gz
    output: ../derivatives/analysis/gradients/sub-PD11/gradient_image.nii.gz, ../derivatives/analysis/gradients/sub-PD11/gradient_image_plot.png
    jobid: 24
    wildcards: subject=PD11

[Wed May 13 21:54:02 2020]
Finished job 40.
8 of 53 steps (15%) done

[Wed May 13 21:54:02 2020]
rule get_projections:
    input: ../derivatives/analysis/gradients/sub-CT18/gradients.csv, /home/dimuthu1/scratch/project2/derivatives/diffparc_dev/work/sub-CT18/labels/t1/HCPNATIVE/HCP-MMP1.nii.gz
    output: ../derivatives/analysis/gradients/sub-CT18/gradient_image.nii.gz, ../derivatives/analysis/gradients/sub-CT18/gradient_image_plot.png
    jobid: 12
    wildcards: subject=CT18

[Wed May 13 21:54:03 2020]
Error in rule get_projections:
    jobid: 17
    output: ../derivatives/analysis/gradients/sub-PD02/gradient_image.nii.gz, ../derivatives/analysis/gradients/sub-PD02/gradient_image_plot.png

RuleException:
CalledProcessError in line 43 of /scratch/dimuthu1/project2/Project_2/Snakefile:
Command 'set -euo pipefail;  /home/dimuthu1/py3/bin/python /scratch/dimuthu1/project2/Project_2/.snakemake/scripts/tmpu88vuh8j.project_gradients.py' returned non-zero exit status 1.
  File "/scratch/dimuthu1/project2/Project_2/Snakefile", line 43, in __rule_get_projections
  File "/cvmfs/soft.computecanada.ca/easybuild/software/2017/Core/python/3.7.0/lib/python3.7/concurrent/futures/thread.py", line 57, in run
[Wed May 13 21:54:03 2020]
Error in rule get_projections:
    jobid: 3
    output: ../derivatives/analysis/gradients/sub-CT03/gradient_image.nii.gz, ../derivatives/analysis/gradients/sub-CT03/gradient_image_plot.png

RuleException:
CalledProcessError in line 43 of /scratch/dimuthu1/project2/Project_2/Snakefile:
Command 'set -euo pipefail;  /home/dimuthu1/py3/bin/python /scratch/dimuthu1/project2/Project_2/.snakemake/scripts/tmpb52z5tsg.project_gradients.py' returned non-zero exit status 1.
  File "/scratch/dimuthu1/project2/Project_2/Snakefile", line 43, in __rule_get_projections
  File "/cvmfs/soft.computecanada.ca/easybuild/software/2017/Core/python/3.7.0/lib/python3.7/concurrent/futures/thread.py", line 57, in run
[Wed May 13 21:54:03 2020]
Error in rule get_projections:
    jobid: 4
    output: ../derivatives/analysis/gradients/sub-CT04/gradient_image.nii.gz, ../derivatives/analysis/gradients/sub-CT04/gradient_image_plot.png

RuleException:
CalledProcessError in line 43 of /scratch/dimuthu1/project2/Project_2/Snakefile:
Command 'set -euo pipefail;  /home/dimuthu1/py3/bin/python /scratch/dimuthu1/project2/Project_2/.snakemake/scripts/tmpy_1u9oft.project_gradients.py' returned non-zero exit status 1.
  File "/scratch/dimuthu1/project2/Project_2/Snakefile", line 43, in __rule_get_projections
  File "/cvmfs/soft.computecanada.ca/easybuild/software/2017/Core/python/3.7.0/lib/python3.7/concurrent/futures/thread.py", line 57, in run
[Wed May 13 21:54:03 2020]
Error in rule get_projections:
    jobid: 15
    output: ../derivatives/analysis/gradients/sub-CT22/gradient_image.nii.gz, ../derivatives/analysis/gradients/sub-CT22/gradient_image_plot.png

RuleException:
CalledProcessError in line 43 of /scratch/dimuthu1/project2/Project_2/Snakefile:
Command 'set -euo pipefail;  /home/dimuthu1/py3/bin/python /scratch/dimuthu1/project2/Project_2/.snakemake/scripts/tmpjw0jjgzj.project_gradients.py' returned non-zero exit status 1.
  File "/scratch/dimuthu1/project2/Project_2/Snakefile", line 43, in __rule_get_projections
  File "/cvmfs/soft.computecanada.ca/easybuild/software/2017/Core/python/3.7.0/lib/python3.7/concurrent/futures/thread.py", line 57, in run
[Wed May 13 21:54:03 2020]
Error in rule get_projections:
    jobid: 1
    output: ../derivatives/analysis/gradients/sub-CT01/gradient_image.nii.gz, ../derivatives/analysis/gradients/sub-CT01/gradient_image_plot.png

RuleException:
CalledProcessError in line 43 of /scratch/dimuthu1/project2/Project_2/Snakefile:
Command 'set -euo pipefail;  /home/dimuthu1/py3/bin/python /scratch/dimuthu1/project2/Project_2/.snakemake/scripts/tmpaes9leup.project_gradients.py' returned non-zero exit status 1.
  File "/scratch/dimuthu1/project2/Project_2/Snakefile", line 43, in __rule_get_projections
  File "/cvmfs/soft.computecanada.ca/easybuild/software/2017/Core/python/3.7.0/lib/python3.7/concurrent/futures/thread.py", line 57, in run
[Wed May 13 21:54:03 2020]
Error in rule get_projections:
    jobid: 20
    output: ../derivatives/analysis/gradients/sub-PD06/gradient_image.nii.gz, ../derivatives/analysis/gradients/sub-PD06/gradient_image_plot.png

RuleException:
CalledProcessError in line 43 of /scratch/dimuthu1/project2/Project_2/Snakefile:
Command 'set -euo pipefail;  /home/dimuthu1/py3/bin/python /scratch/dimuthu1/project2/Project_2/.snakemake/scripts/tmp8g75u3i8.project_gradients.py' returned non-zero exit status 1.
  File "/scratch/dimuthu1/project2/Project_2/Snakefile", line 43, in __rule_get_projections
  File "/cvmfs/soft.computecanada.ca/easybuild/software/2017/Core/python/3.7.0/lib/python3.7/concurrent/futures/thread.py", line 57, in run
[Wed May 13 21:54:04 2020]
Error in rule get_projections:
    jobid: 24
    output: ../derivatives/analysis/gradients/sub-PD11/gradient_image.nii.gz, ../derivatives/analysis/gradients/sub-PD11/gradient_image_plot.png

RuleException:
CalledProcessError in line 43 of /scratch/dimuthu1/project2/Project_2/Snakefile:
Command 'set -euo pipefail;  /home/dimuthu1/py3/bin/python /scratch/dimuthu1/project2/Project_2/.snakemake/scripts/tmpa2ee0y0f.project_gradients.py' returned non-zero exit status 1.
  File "/scratch/dimuthu1/project2/Project_2/Snakefile", line 43, in __rule_get_projections
  File "/cvmfs/soft.computecanada.ca/easybuild/software/2017/Core/python/3.7.0/lib/python3.7/concurrent/futures/thread.py", line 57, in run
[Wed May 13 21:54:04 2020]
Error in rule get_projections:
    jobid: 12
    output: ../derivatives/analysis/gradients/sub-CT18/gradient_image.nii.gz, ../derivatives/analysis/gradients/sub-CT18/gradient_image_plot.png

RuleException:
CalledProcessError in line 43 of /scratch/dimuthu1/project2/Project_2/Snakefile:
Command 'set -euo pipefail;  /home/dimuthu1/py3/bin/python /scratch/dimuthu1/project2/Project_2/.snakemake/scripts/tmpb_3478uc.project_gradients.py' returned non-zero exit status 1.
  File "/scratch/dimuthu1/project2/Project_2/Snakefile", line 43, in __rule_get_projections
  File "/cvmfs/soft.computecanada.ca/easybuild/software/2017/Core/python/3.7.0/lib/python3.7/concurrent/futures/thread.py", line 57, in run
Shutting down, this might take some time.
Exiting because a job execution failed. Look above for error message
Complete log: /scratch/dimuthu1/project2/Project_2/.snakemake/log/2020-05-13T215345.780758.snakemake.log
