Building DAG of jobs...
Using shell: /cvmfs/soft.computecanada.ca/nix/var/nix/profiles/16.09/bin/bash
Provided cluster nodes: 500
Job counts:
	count	jobs
	1	all
	27	get_gradients
	27	get_projections
	55

[Wed May 13 16:02:29 2020]
rule get_gradients:
    input: /home/dimuthu1/scratch/project2/derivatives/diffparc_dev/matrices/Right/sub-CT19_space-T1w_res-2_seed-CIT168_striatum-hcpmmp_connMap.mat, /home/dimuthu1/scratch/project2/derivatives/diffparc_dev/matrices/Left/sub-CT19_space-T1w_res-2_seed-CIT168_striatum-hcpmmp_connMap.mat, ../derivatives/analysis/gradients/
    output: ../derivatives/analysis/gradients/sub-CT19/gradients.csv
    jobid: 41
    wildcards: subject=CT19
    resources: mem_mb=4000

Submitted job 41 with external jobid '31401370'.

[Wed May 13 16:02:30 2020]
rule get_gradients:
    input: /home/dimuthu1/scratch/project2/derivatives/diffparc_dev/matrices/Right/sub-PD19_space-T1w_res-2_seed-CIT168_striatum-hcpmmp_connMap.mat, /home/dimuthu1/scratch/project2/derivatives/diffparc_dev/matrices/Left/sub-PD19_space-T1w_res-2_seed-CIT168_striatum-hcpmmp_connMap.mat, ../derivatives/analysis/gradients/
    output: ../derivatives/analysis/gradients/sub-PD19/gradients.csv
    jobid: 55
    wildcards: subject=PD19
    resources: mem_mb=4000

Submitted job 55 with external jobid '31401372'.

[Wed May 13 16:02:32 2020]
rule get_gradients:
    input: /home/dimuthu1/scratch/project2/derivatives/diffparc_dev/matrices/Right/sub-CT15_space-T1w_res-2_seed-CIT168_striatum-hcpmmp_connMap.mat, /home/dimuthu1/scratch/project2/derivatives/diffparc_dev/matrices/Left/sub-CT15_space-T1w_res-2_seed-CIT168_striatum-hcpmmp_connMap.mat, ../derivatives/analysis/gradients/
    output: ../derivatives/analysis/gradients/sub-CT15/gradients.csv
    jobid: 38
    wildcards: subject=CT15
    resources: mem_mb=4000

Submitted job 38 with external jobid '31401373'.

[Wed May 13 16:02:35 2020]
rule get_gradients:
    input: /home/dimuthu1/scratch/project2/derivatives/diffparc_dev/matrices/Right/sub-PD06_space-T1w_res-2_seed-CIT168_striatum-hcpmmp_connMap.mat, /home/dimuthu1/scratch/project2/derivatives/diffparc_dev/matrices/Left/sub-PD06_space-T1w_res-2_seed-CIT168_striatum-hcpmmp_connMap.mat, ../derivatives/analysis/gradients/
    output: ../derivatives/analysis/gradients/sub-PD06/gradients.csv
    jobid: 48
    wildcards: subject=PD06
    resources: mem_mb=4000

Submitted job 48 with external jobid '31401374'.

[Wed May 13 16:02:37 2020]
rule get_gradients:
    input: /home/dimuthu1/scratch/project2/derivatives/diffparc_dev/matrices/Right/sub-PD21_space-T1w_res-2_seed-CIT168_striatum-hcpmmp_connMap.mat, /home/dimuthu1/scratch/project2/derivatives/diffparc_dev/matrices/Left/sub-PD21_space-T1w_res-2_seed-CIT168_striatum-hcpmmp_connMap.mat, ../derivatives/analysis/gradients/
    output: ../derivatives/analysis/gradients/sub-PD21/gradients.csv
    jobid: 56
    wildcards: subject=PD21
    resources: mem_mb=4000

Submitted job 56 with external jobid '31401375'.

[Wed May 13 16:02:40 2020]
rule get_gradients:
    input: /home/dimuthu1/scratch/project2/derivatives/diffparc_dev/matrices/Right/sub-PD10_space-T1w_res-2_seed-CIT168_striatum-hcpmmp_connMap.mat, /home/dimuthu1/scratch/project2/derivatives/diffparc_dev/matrices/Left/sub-PD10_space-T1w_res-2_seed-CIT168_striatum-hcpmmp_connMap.mat, ../derivatives/analysis/gradients/
    output: ../derivatives/analysis/gradients/sub-PD10/gradients.csv
    jobid: 51
    wildcards: subject=PD10
    resources: mem_mb=4000

Submitted job 51 with external jobid '31401376'.

[Wed May 13 16:02:43 2020]
rule get_gradients:
    input: /home/dimuthu1/scratch/project2/derivatives/diffparc_dev/matrices/Right/sub-PD11_space-T1w_res-2_seed-CIT168_striatum-hcpmmp_connMap.mat, /home/dimuthu1/scratch/project2/derivatives/diffparc_dev/matrices/Left/sub-PD11_space-T1w_res-2_seed-CIT168_striatum-hcpmmp_connMap.mat, ../derivatives/analysis/gradients/
    output: ../derivatives/analysis/gradients/sub-PD11/gradients.csv
    jobid: 52
    wildcards: subject=PD11
    resources: mem_mb=4000

Submitted job 52 with external jobid '31401377'.

[Wed May 13 16:02:45 2020]
rule get_gradients:
    input: /home/dimuthu1/scratch/project2/derivatives/diffparc_dev/matrices/Right/sub-PD18_space-T1w_res-2_seed-CIT168_striatum-hcpmmp_connMap.mat, /home/dimuthu1/scratch/project2/derivatives/diffparc_dev/matrices/Left/sub-PD18_space-T1w_res-2_seed-CIT168_striatum-hcpmmp_connMap.mat, ../derivatives/analysis/gradients/
    output: ../derivatives/analysis/gradients/sub-PD18/gradients.csv
    jobid: 54
    wildcards: subject=PD18
    resources: mem_mb=4000

Submitted job 54 with external jobid '31401378'.

[Wed May 13 16:02:46 2020]
rule get_gradients:
    input: /home/dimuthu1/scratch/project2/derivatives/diffparc_dev/matrices/Right/sub-CT22_space-T1w_res-2_seed-CIT168_striatum-hcpmmp_connMap.mat, /home/dimuthu1/scratch/project2/derivatives/diffparc_dev/matrices/Left/sub-CT22_space-T1w_res-2_seed-CIT168_striatum-hcpmmp_connMap.mat, ../derivatives/analysis/gradients/
    output: ../derivatives/analysis/gradients/sub-CT22/gradients.csv
    jobid: 43
    wildcards: subject=CT22
    resources: mem_mb=4000

Submitted job 43 with external jobid '31401379'.

[Wed May 13 16:02:47 2020]
rule get_gradients:
    input: /home/dimuthu1/scratch/project2/derivatives/diffparc_dev/matrices/Right/sub-CT20_space-T1w_res-2_seed-CIT168_striatum-hcpmmp_connMap.mat, /home/dimuthu1/scratch/project2/derivatives/diffparc_dev/matrices/Left/sub-CT20_space-T1w_res-2_seed-CIT168_striatum-hcpmmp_connMap.mat, ../derivatives/analysis/gradients/
    output: ../derivatives/analysis/gradients/sub-CT20/gradients.csv
    jobid: 42
    wildcards: subject=CT20
    resources: mem_mb=4000

Submitted job 42 with external jobid '31401380'.

[Wed May 13 16:02:48 2020]
rule get_gradients:
    input: /home/dimuthu1/scratch/project2/derivatives/diffparc_dev/matrices/Right/sub-CT04_space-T1w_res-2_seed-CIT168_striatum-hcpmmp_connMap.mat, /home/dimuthu1/scratch/project2/derivatives/diffparc_dev/matrices/Left/sub-CT04_space-T1w_res-2_seed-CIT168_striatum-hcpmmp_connMap.mat, ../derivatives/analysis/gradients/
    output: ../derivatives/analysis/gradients/sub-CT04/gradients.csv
    jobid: 32
    wildcards: subject=CT04
    resources: mem_mb=4000

Submitted job 32 with external jobid '31401382'.

[Wed May 13 16:02:48 2020]
rule get_gradients:
    input: /home/dimuthu1/scratch/project2/derivatives/diffparc_dev/matrices/Right/sub-CT10_space-T1w_res-2_seed-CIT168_striatum-hcpmmp_connMap.mat, /home/dimuthu1/scratch/project2/derivatives/diffparc_dev/matrices/Left/sub-CT10_space-T1w_res-2_seed-CIT168_striatum-hcpmmp_connMap.mat, ../derivatives/analysis/gradients/
    output: ../derivatives/analysis/gradients/sub-CT10/gradients.csv
    jobid: 35
    wildcards: subject=CT10
    resources: mem_mb=4000

Submitted job 35 with external jobid '31401384'.

[Wed May 13 16:02:49 2020]
rule get_gradients:
    input: /home/dimuthu1/scratch/project2/derivatives/diffparc_dev/matrices/Right/sub-CT11_space-T1w_res-2_seed-CIT168_striatum-hcpmmp_connMap.mat, /home/dimuthu1/scratch/project2/derivatives/diffparc_dev/matrices/Left/sub-CT11_space-T1w_res-2_seed-CIT168_striatum-hcpmmp_connMap.mat, ../derivatives/analysis/gradients/
    output: ../derivatives/analysis/gradients/sub-CT11/gradients.csv
    jobid: 36
    wildcards: subject=CT11
    resources: mem_mb=4000

Submitted job 36 with external jobid '31401386'.

[Wed May 13 16:02:50 2020]
rule get_gradients:
    input: /home/dimuthu1/scratch/project2/derivatives/diffparc_dev/matrices/Right/sub-PD02_space-T1w_res-2_seed-CIT168_striatum-hcpmmp_connMap.mat, /home/dimuthu1/scratch/project2/derivatives/diffparc_dev/matrices/Left/sub-PD02_space-T1w_res-2_seed-CIT168_striatum-hcpmmp_connMap.mat, ../derivatives/analysis/gradients/
    output: ../derivatives/analysis/gradients/sub-PD02/gradients.csv
    jobid: 45
    wildcards: subject=PD02
    resources: mem_mb=4000

Submitted job 45 with external jobid '31401387'.

[Wed May 13 16:02:51 2020]
rule get_gradients:
    input: /home/dimuthu1/scratch/project2/derivatives/diffparc_dev/matrices/Right/sub-PD12_space-T1w_res-2_seed-CIT168_striatum-hcpmmp_connMap.mat, /home/dimuthu1/scratch/project2/derivatives/diffparc_dev/matrices/Left/sub-PD12_space-T1w_res-2_seed-CIT168_striatum-hcpmmp_connMap.mat, ../derivatives/analysis/gradients/
    output: ../derivatives/analysis/gradients/sub-PD12/gradients.csv
    jobid: 53
    wildcards: subject=PD12
    resources: mem_mb=4000

Submitted job 53 with external jobid '31401388'.

[Wed May 13 16:02:52 2020]
rule get_gradients:
    input: /home/dimuthu1/scratch/project2/derivatives/diffparc_dev/matrices/Right/sub-PD03_space-T1w_res-2_seed-CIT168_striatum-hcpmmp_connMap.mat, /home/dimuthu1/scratch/project2/derivatives/diffparc_dev/matrices/Left/sub-PD03_space-T1w_res-2_seed-CIT168_striatum-hcpmmp_connMap.mat, ../derivatives/analysis/gradients/
    output: ../derivatives/analysis/gradients/sub-PD03/gradients.csv
    jobid: 46
    wildcards: subject=PD03
    resources: mem_mb=4000

Submitted job 46 with external jobid '31401389'.

[Wed May 13 16:02:53 2020]
rule get_gradients:
    input: /home/dimuthu1/scratch/project2/derivatives/diffparc_dev/matrices/Right/sub-CT02_space-T1w_res-2_seed-CIT168_striatum-hcpmmp_connMap.mat, /home/dimuthu1/scratch/project2/derivatives/diffparc_dev/matrices/Left/sub-CT02_space-T1w_res-2_seed-CIT168_striatum-hcpmmp_connMap.mat, ../derivatives/analysis/gradients/
    output: ../derivatives/analysis/gradients/sub-CT02/gradients.csv
    jobid: 30
    wildcards: subject=CT02
    resources: mem_mb=4000

Submitted job 30 with external jobid '31401390'.

[Wed May 13 16:02:54 2020]
rule get_gradients:
    input: /home/dimuthu1/scratch/project2/derivatives/diffparc_dev/matrices/Right/sub-PD08_space-T1w_res-2_seed-CIT168_striatum-hcpmmp_connMap.mat, /home/dimuthu1/scratch/project2/derivatives/diffparc_dev/matrices/Left/sub-PD08_space-T1w_res-2_seed-CIT168_striatum-hcpmmp_connMap.mat, ../derivatives/analysis/gradients/
    output: ../derivatives/analysis/gradients/sub-PD08/gradients.csv
    jobid: 50
    wildcards: subject=PD08
    resources: mem_mb=4000

Submitted job 50 with external jobid '31401391'.

[Wed May 13 16:02:55 2020]
rule get_gradients:
    input: /home/dimuthu1/scratch/project2/derivatives/diffparc_dev/matrices/Right/sub-CT16_space-T1w_res-2_seed-CIT168_striatum-hcpmmp_connMap.mat, /home/dimuthu1/scratch/project2/derivatives/diffparc_dev/matrices/Left/sub-CT16_space-T1w_res-2_seed-CIT168_striatum-hcpmmp_connMap.mat, ../derivatives/analysis/gradients/
    output: ../derivatives/analysis/gradients/sub-CT16/gradients.csv
    jobid: 39
    wildcards: subject=CT16
    resources: mem_mb=4000

Submitted job 39 with external jobid '31401393'.

[Wed May 13 16:02:55 2020]
rule get_gradients:
    input: /home/dimuthu1/scratch/project2/derivatives/diffparc_dev/matrices/Right/sub-CT06_space-T1w_res-2_seed-CIT168_striatum-hcpmmp_connMap.mat, /home/dimuthu1/scratch/project2/derivatives/diffparc_dev/matrices/Left/sub-CT06_space-T1w_res-2_seed-CIT168_striatum-hcpmmp_connMap.mat, ../derivatives/analysis/gradients/
    output: ../derivatives/analysis/gradients/sub-CT06/gradients.csv
    jobid: 33
    wildcards: subject=CT06
    resources: mem_mb=4000

Submitted job 33 with external jobid '31401394'.

[Wed May 13 16:02:56 2020]
rule get_gradients:
    input: /home/dimuthu1/scratch/project2/derivatives/diffparc_dev/matrices/Right/sub-CT08_space-T1w_res-2_seed-CIT168_striatum-hcpmmp_connMap.mat, /home/dimuthu1/scratch/project2/derivatives/diffparc_dev/matrices/Left/sub-CT08_space-T1w_res-2_seed-CIT168_striatum-hcpmmp_connMap.mat, ../derivatives/analysis/gradients/
    output: ../derivatives/analysis/gradients/sub-CT08/gradients.csv
    jobid: 34
    wildcards: subject=CT08
    resources: mem_mb=4000

Submitted job 34 with external jobid '31401396'.

[Wed May 13 16:02:57 2020]
rule get_gradients:
    input: /home/dimuthu1/scratch/project2/derivatives/diffparc_dev/matrices/Right/sub-CT12_space-T1w_res-2_seed-CIT168_striatum-hcpmmp_connMap.mat, /home/dimuthu1/scratch/project2/derivatives/diffparc_dev/matrices/Left/sub-CT12_space-T1w_res-2_seed-CIT168_striatum-hcpmmp_connMap.mat, ../derivatives/analysis/gradients/
    output: ../derivatives/analysis/gradients/sub-CT12/gradients.csv
    jobid: 37
    wildcards: subject=CT12
    resources: mem_mb=4000

Submitted job 37 with external jobid '31401397'.

[Wed May 13 16:02:58 2020]
rule get_gradients:
    input: /home/dimuthu1/scratch/project2/derivatives/diffparc_dev/matrices/Right/sub-PD01_space-T1w_res-2_seed-CIT168_striatum-hcpmmp_connMap.mat, /home/dimuthu1/scratch/project2/derivatives/diffparc_dev/matrices/Left/sub-PD01_space-T1w_res-2_seed-CIT168_striatum-hcpmmp_connMap.mat, ../derivatives/analysis/gradients/
    output: ../derivatives/analysis/gradients/sub-PD01/gradients.csv
    jobid: 44
    wildcards: subject=PD01
    resources: mem_mb=4000

Submitted job 44 with external jobid '31401398'.

[Wed May 13 16:02:59 2020]
rule get_gradients:
    input: /home/dimuthu1/scratch/project2/derivatives/diffparc_dev/matrices/Right/sub-CT03_space-T1w_res-2_seed-CIT168_striatum-hcpmmp_connMap.mat, /home/dimuthu1/scratch/project2/derivatives/diffparc_dev/matrices/Left/sub-CT03_space-T1w_res-2_seed-CIT168_striatum-hcpmmp_connMap.mat, ../derivatives/analysis/gradients/
    output: ../derivatives/analysis/gradients/sub-CT03/gradients.csv
    jobid: 31
    wildcards: subject=CT03
    resources: mem_mb=4000

Submitted job 31 with external jobid '31401400'.

[Wed May 13 16:03:00 2020]
rule get_gradients:
    input: /home/dimuthu1/scratch/project2/derivatives/diffparc_dev/matrices/Right/sub-CT18_space-T1w_res-2_seed-CIT168_striatum-hcpmmp_connMap.mat, /home/dimuthu1/scratch/project2/derivatives/diffparc_dev/matrices/Left/sub-CT18_space-T1w_res-2_seed-CIT168_striatum-hcpmmp_connMap.mat, ../derivatives/analysis/gradients/
    output: ../derivatives/analysis/gradients/sub-CT18/gradients.csv
    jobid: 40
    wildcards: subject=CT18
    resources: mem_mb=4000

Submitted job 40 with external jobid '31401401'.

[Wed May 13 16:03:01 2020]
rule get_gradients:
    input: /home/dimuthu1/scratch/project2/derivatives/diffparc_dev/matrices/Right/sub-PD04_space-T1w_res-2_seed-CIT168_striatum-hcpmmp_connMap.mat, /home/dimuthu1/scratch/project2/derivatives/diffparc_dev/matrices/Left/sub-PD04_space-T1w_res-2_seed-CIT168_striatum-hcpmmp_connMap.mat, ../derivatives/analysis/gradients/
    output: ../derivatives/analysis/gradients/sub-PD04/gradients.csv
    jobid: 47
    wildcards: subject=PD04
    resources: mem_mb=4000

Submitted job 47 with external jobid '31401402'.

[Wed May 13 16:03:01 2020]
rule get_gradients:
    input: /home/dimuthu1/scratch/project2/derivatives/diffparc_dev/matrices/Right/sub-PD07_space-T1w_res-2_seed-CIT168_striatum-hcpmmp_connMap.mat, /home/dimuthu1/scratch/project2/derivatives/diffparc_dev/matrices/Left/sub-PD07_space-T1w_res-2_seed-CIT168_striatum-hcpmmp_connMap.mat, ../derivatives/analysis/gradients/
    output: ../derivatives/analysis/gradients/sub-PD07/gradients.csv
    jobid: 49
    wildcards: subject=PD07
    resources: mem_mb=4000

Submitted job 49 with external jobid '31401403'.

[Wed May 13 16:03:02 2020]
rule get_projections:
    input: ../derivatives/analysis/gradients/sub-CT19/gradients.csv, /home/dimuthu1/scratch/project2/derivatives/diffparc_dev/work/sub-CT19/labels/t1/HCPNATIVE/HCP-MMP1.nii.gz
    output: ../derivatives/analysis/gradients/sub-CT19/gradient_image.nii.gz, ../derivatives/analysis/gradients/sub-CT19/gradient_image_plot.png
    jobid: 13
    wildcards: subject=CT19
    resources: mem_mb=4000

Submitted job 13 with external jobid '31401404'.

[Wed May 13 16:03:03 2020]
rule get_projections:
    input: ../derivatives/analysis/gradients/sub-PD19/gradients.csv, /home/dimuthu1/scratch/project2/derivatives/diffparc_dev/work/sub-PD19/labels/t1/HCPNATIVE/HCP-MMP1.nii.gz
    output: ../derivatives/analysis/gradients/sub-PD19/gradient_image.nii.gz, ../derivatives/analysis/gradients/sub-PD19/gradient_image_plot.png
    jobid: 27
    wildcards: subject=PD19
    resources: mem_mb=4000

Submitted job 27 with external jobid '31401405'.

[Wed May 13 16:03:04 2020]
rule get_projections:
    input: ../derivatives/analysis/gradients/sub-CT15/gradients.csv, /home/dimuthu1/scratch/project2/derivatives/diffparc_dev/work/sub-CT15/labels/t1/HCPNATIVE/HCP-MMP1.nii.gz
    output: ../derivatives/analysis/gradients/sub-CT15/gradient_image.nii.gz, ../derivatives/analysis/gradients/sub-CT15/gradient_image_plot.png
    jobid: 10
    wildcards: subject=CT15
    resources: mem_mb=4000

Submitted job 10 with external jobid '31401406'.

[Wed May 13 16:03:05 2020]
rule get_projections:
    input: ../derivatives/analysis/gradients/sub-PD21/gradients.csv, /home/dimuthu1/scratch/project2/derivatives/diffparc_dev/work/sub-PD21/labels/t1/HCPNATIVE/HCP-MMP1.nii.gz
    output: ../derivatives/analysis/gradients/sub-PD21/gradient_image.nii.gz, ../derivatives/analysis/gradients/sub-PD21/gradient_image_plot.png
    jobid: 28
    wildcards: subject=PD21
    resources: mem_mb=4000

Submitted job 28 with external jobid '31401407'.

[Wed May 13 16:03:06 2020]
rule get_projections:
    input: ../derivatives/analysis/gradients/sub-PD06/gradients.csv, /home/dimuthu1/scratch/project2/derivatives/diffparc_dev/work/sub-PD06/labels/t1/HCPNATIVE/HCP-MMP1.nii.gz
    output: ../derivatives/analysis/gradients/sub-PD06/gradient_image.nii.gz, ../derivatives/analysis/gradients/sub-PD06/gradient_image_plot.png
    jobid: 20
    wildcards: subject=PD06
    resources: mem_mb=4000

Submitted job 20 with external jobid '31401408'.

[Wed May 13 16:03:06 2020]
rule get_projections:
    input: ../derivatives/analysis/gradients/sub-PD10/gradients.csv, /home/dimuthu1/scratch/project2/derivatives/diffparc_dev/work/sub-PD10/labels/t1/HCPNATIVE/HCP-MMP1.nii.gz
    output: ../derivatives/analysis/gradients/sub-PD10/gradient_image.nii.gz, ../derivatives/analysis/gradients/sub-PD10/gradient_image_plot.png
    jobid: 23
    wildcards: subject=PD10
    resources: mem_mb=4000

Submitted job 23 with external jobid '31401409'.

[Wed May 13 16:03:07 2020]
rule get_projections:
    input: ../derivatives/analysis/gradients/sub-PD11/gradients.csv, /home/dimuthu1/scratch/project2/derivatives/diffparc_dev/work/sub-PD11/labels/t1/HCPNATIVE/HCP-MMP1.nii.gz
    output: ../derivatives/analysis/gradients/sub-PD11/gradient_image.nii.gz, ../derivatives/analysis/gradients/sub-PD11/gradient_image_plot.png
    jobid: 24
    wildcards: subject=PD11
    resources: mem_mb=4000

Submitted job 24 with external jobid '31401410'.

[Wed May 13 16:03:08 2020]
rule get_projections:
    input: ../derivatives/analysis/gradients/sub-CT22/gradients.csv, /home/dimuthu1/scratch/project2/derivatives/diffparc_dev/work/sub-CT22/labels/t1/HCPNATIVE/HCP-MMP1.nii.gz
    output: ../derivatives/analysis/gradients/sub-CT22/gradient_image.nii.gz, ../derivatives/analysis/gradients/sub-CT22/gradient_image_plot.png
    jobid: 15
    wildcards: subject=CT22
    resources: mem_mb=4000

Submitted job 15 with external jobid '31401412'.

[Wed May 13 16:03:09 2020]
rule get_projections:
    input: ../derivatives/analysis/gradients/sub-PD18/gradients.csv, /home/dimuthu1/scratch/project2/derivatives/diffparc_dev/work/sub-PD18/labels/t1/HCPNATIVE/HCP-MMP1.nii.gz
    output: ../derivatives/analysis/gradients/sub-PD18/gradient_image.nii.gz, ../derivatives/analysis/gradients/sub-PD18/gradient_image_plot.png
    jobid: 26
    wildcards: subject=PD18
    resources: mem_mb=4000

Submitted job 26 with external jobid '31401413'.

[Wed May 13 16:03:09 2020]
rule get_projections:
    input: ../derivatives/analysis/gradients/sub-CT20/gradients.csv, /home/dimuthu1/scratch/project2/derivatives/diffparc_dev/work/sub-CT20/labels/t1/HCPNATIVE/HCP-MMP1.nii.gz
    output: ../derivatives/analysis/gradients/sub-CT20/gradient_image.nii.gz, ../derivatives/analysis/gradients/sub-CT20/gradient_image_plot.png
    jobid: 14
    wildcards: subject=CT20
    resources: mem_mb=4000

Submitted job 14 with external jobid '31401414'.

[Wed May 13 16:03:10 2020]
rule get_projections:
    input: ../derivatives/analysis/gradients/sub-CT04/gradients.csv, /home/dimuthu1/scratch/project2/derivatives/diffparc_dev/work/sub-CT04/labels/t1/HCPNATIVE/HCP-MMP1.nii.gz
    output: ../derivatives/analysis/gradients/sub-CT04/gradient_image.nii.gz, ../derivatives/analysis/gradients/sub-CT04/gradient_image_plot.png
    jobid: 4
    wildcards: subject=CT04
    resources: mem_mb=4000

Submitted job 4 with external jobid '31401416'.

[Wed May 13 16:03:11 2020]
rule get_projections:
    input: ../derivatives/analysis/gradients/sub-CT10/gradients.csv, /home/dimuthu1/scratch/project2/derivatives/diffparc_dev/work/sub-CT10/labels/t1/HCPNATIVE/HCP-MMP1.nii.gz
    output: ../derivatives/analysis/gradients/sub-CT10/gradient_image.nii.gz, ../derivatives/analysis/gradients/sub-CT10/gradient_image_plot.png
    jobid: 7
    wildcards: subject=CT10
    resources: mem_mb=4000

Submitted job 7 with external jobid '31401417'.

[Wed May 13 16:03:12 2020]
rule get_projections:
    input: ../derivatives/analysis/gradients/sub-CT11/gradients.csv, /home/dimuthu1/scratch/project2/derivatives/diffparc_dev/work/sub-CT11/labels/t1/HCPNATIVE/HCP-MMP1.nii.gz
    output: ../derivatives/analysis/gradients/sub-CT11/gradient_image.nii.gz, ../derivatives/analysis/gradients/sub-CT11/gradient_image_plot.png
    jobid: 8
    wildcards: subject=CT11
    resources: mem_mb=4000

Submitted job 8 with external jobid '31401418'.

[Wed May 13 16:03:12 2020]
rule get_projections:
    input: ../derivatives/analysis/gradients/sub-PD02/gradients.csv, /home/dimuthu1/scratch/project2/derivatives/diffparc_dev/work/sub-PD02/labels/t1/HCPNATIVE/HCP-MMP1.nii.gz
    output: ../derivatives/analysis/gradients/sub-PD02/gradient_image.nii.gz, ../derivatives/analysis/gradients/sub-PD02/gradient_image_plot.png
    jobid: 17
    wildcards: subject=PD02
    resources: mem_mb=4000

Submitted job 17 with external jobid '31401419'.

[Wed May 13 16:03:13 2020]
rule get_projections:
    input: ../derivatives/analysis/gradients/sub-PD12/gradients.csv, /home/dimuthu1/scratch/project2/derivatives/diffparc_dev/work/sub-PD12/labels/t1/HCPNATIVE/HCP-MMP1.nii.gz
    output: ../derivatives/analysis/gradients/sub-PD12/gradient_image.nii.gz, ../derivatives/analysis/gradients/sub-PD12/gradient_image_plot.png
    jobid: 25
    wildcards: subject=PD12
    resources: mem_mb=4000

Submitted job 25 with external jobid '31401420'.

[Wed May 13 16:03:14 2020]
rule get_projections:
    input: ../derivatives/analysis/gradients/sub-PD08/gradients.csv, /home/dimuthu1/scratch/project2/derivatives/diffparc_dev/work/sub-PD08/labels/t1/HCPNATIVE/HCP-MMP1.nii.gz
    output: ../derivatives/analysis/gradients/sub-PD08/gradient_image.nii.gz, ../derivatives/analysis/gradients/sub-PD08/gradient_image_plot.png
    jobid: 22
    wildcards: subject=PD08
    resources: mem_mb=4000

Submitted job 22 with external jobid '31401422'.

[Wed May 13 16:03:15 2020]
rule get_projections:
    input: ../derivatives/analysis/gradients/sub-PD03/gradients.csv, /home/dimuthu1/scratch/project2/derivatives/diffparc_dev/work/sub-PD03/labels/t1/HCPNATIVE/HCP-MMP1.nii.gz
    output: ../derivatives/analysis/gradients/sub-PD03/gradient_image.nii.gz, ../derivatives/analysis/gradients/sub-PD03/gradient_image_plot.png
    jobid: 18
    wildcards: subject=PD03
    resources: mem_mb=4000

Submitted job 18 with external jobid '31401423'.

[Wed May 13 16:03:16 2020]
rule get_projections:
    input: ../derivatives/analysis/gradients/sub-CT18/gradients.csv, /home/dimuthu1/scratch/project2/derivatives/diffparc_dev/work/sub-CT18/labels/t1/HCPNATIVE/HCP-MMP1.nii.gz
    output: ../derivatives/analysis/gradients/sub-CT18/gradient_image.nii.gz, ../derivatives/analysis/gradients/sub-CT18/gradient_image_plot.png
    jobid: 12
    wildcards: subject=CT18
    resources: mem_mb=4000

Submitted job 12 with external jobid '31401424'.

[Wed May 13 16:03:17 2020]
rule get_projections:
    input: ../derivatives/analysis/gradients/sub-CT02/gradients.csv, /home/dimuthu1/scratch/project2/derivatives/diffparc_dev/work/sub-CT02/labels/t1/HCPNATIVE/HCP-MMP1.nii.gz
    output: ../derivatives/analysis/gradients/sub-CT02/gradient_image.nii.gz, ../derivatives/analysis/gradients/sub-CT02/gradient_image_plot.png
    jobid: 2
    wildcards: subject=CT02
    resources: mem_mb=4000

Submitted job 2 with external jobid '31401425'.

[Wed May 13 16:03:17 2020]
rule get_projections:
    input: ../derivatives/analysis/gradients/sub-CT16/gradients.csv, /home/dimuthu1/scratch/project2/derivatives/diffparc_dev/work/sub-CT16/labels/t1/HCPNATIVE/HCP-MMP1.nii.gz
    output: ../derivatives/analysis/gradients/sub-CT16/gradient_image.nii.gz, ../derivatives/analysis/gradients/sub-CT16/gradient_image_plot.png
    jobid: 11
    wildcards: subject=CT16
    resources: mem_mb=4000

Submitted job 11 with external jobid '31401427'.

[Wed May 13 16:03:18 2020]
rule get_projections:
    input: ../derivatives/analysis/gradients/sub-CT06/gradients.csv, /home/dimuthu1/scratch/project2/derivatives/diffparc_dev/work/sub-CT06/labels/t1/HCPNATIVE/HCP-MMP1.nii.gz
    output: ../derivatives/analysis/gradients/sub-CT06/gradient_image.nii.gz, ../derivatives/analysis/gradients/sub-CT06/gradient_image_plot.png
    jobid: 5
    wildcards: subject=CT06
    resources: mem_mb=4000

Submitted job 5 with external jobid '31401428'.

[Wed May 13 16:03:19 2020]
rule get_projections:
    input: ../derivatives/analysis/gradients/sub-CT12/gradients.csv, /home/dimuthu1/scratch/project2/derivatives/diffparc_dev/work/sub-CT12/labels/t1/HCPNATIVE/HCP-MMP1.nii.gz
    output: ../derivatives/analysis/gradients/sub-CT12/gradient_image.nii.gz, ../derivatives/analysis/gradients/sub-CT12/gradient_image_plot.png
    jobid: 9
    wildcards: subject=CT12
    resources: mem_mb=4000

Submitted job 9 with external jobid '31401430'.

[Wed May 13 16:03:20 2020]
rule get_projections:
    input: ../derivatives/analysis/gradients/sub-CT08/gradients.csv, /home/dimuthu1/scratch/project2/derivatives/diffparc_dev/work/sub-CT08/labels/t1/HCPNATIVE/HCP-MMP1.nii.gz
    output: ../derivatives/analysis/gradients/sub-CT08/gradient_image.nii.gz, ../derivatives/analysis/gradients/sub-CT08/gradient_image_plot.png
    jobid: 6
    wildcards: subject=CT08
    resources: mem_mb=4000

Submitted job 6 with external jobid '31401431'.

[Wed May 13 16:03:20 2020]
rule get_projections:
    input: ../derivatives/analysis/gradients/sub-PD01/gradients.csv, /home/dimuthu1/scratch/project2/derivatives/diffparc_dev/work/sub-PD01/labels/t1/HCPNATIVE/HCP-MMP1.nii.gz
    output: ../derivatives/analysis/gradients/sub-PD01/gradient_image.nii.gz, ../derivatives/analysis/gradients/sub-PD01/gradient_image_plot.png
    jobid: 16
    wildcards: subject=PD01
    resources: mem_mb=4000

Submitted job 16 with external jobid '31401432'.

[Wed May 13 16:03:21 2020]
rule get_projections:
    input: ../derivatives/analysis/gradients/sub-CT03/gradients.csv, /home/dimuthu1/scratch/project2/derivatives/diffparc_dev/work/sub-CT03/labels/t1/HCPNATIVE/HCP-MMP1.nii.gz
    output: ../derivatives/analysis/gradients/sub-CT03/gradient_image.nii.gz, ../derivatives/analysis/gradients/sub-CT03/gradient_image_plot.png
    jobid: 3
    wildcards: subject=CT03
    resources: mem_mb=4000

Submitted job 3 with external jobid '31401433'.

[Wed May 13 16:03:22 2020]
rule get_projections:
    input: ../derivatives/analysis/gradients/sub-PD04/gradients.csv, /home/dimuthu1/scratch/project2/derivatives/diffparc_dev/work/sub-PD04/labels/t1/HCPNATIVE/HCP-MMP1.nii.gz
    output: ../derivatives/analysis/gradients/sub-PD04/gradient_image.nii.gz, ../derivatives/analysis/gradients/sub-PD04/gradient_image_plot.png
    jobid: 19
    wildcards: subject=PD04
    resources: mem_mb=4000

Submitted job 19 with external jobid '31401435'.

[Wed May 13 16:03:23 2020]
rule get_projections:
    input: ../derivatives/analysis/gradients/sub-PD07/gradients.csv, /home/dimuthu1/scratch/project2/derivatives/diffparc_dev/work/sub-PD07/labels/t1/HCPNATIVE/HCP-MMP1.nii.gz
    output: ../derivatives/analysis/gradients/sub-PD07/gradient_image.nii.gz, ../derivatives/analysis/gradients/sub-PD07/gradient_image_plot.png
    jobid: 21
    wildcards: subject=PD07
    resources: mem_mb=4000

Submitted job 21 with external jobid '31401436'.

[Wed May 13 16:03:23 2020]
localrule all:
    input: ../derivatives/analysis/gradients/sub-CT01/gradient_image.nii.gz, ../derivatives/analysis/gradients/sub-CT02/gradient_image.nii.gz, ../derivatives/analysis/gradients/sub-CT03/gradient_image.nii.gz, ../derivatives/analysis/gradients/sub-CT04/gradient_image.nii.gz, ../derivatives/analysis/gradients/sub-CT06/gradient_image.nii.gz, ../derivatives/analysis/gradients/sub-CT08/gradient_image.nii.gz, ../derivatives/analysis/gradients/sub-CT10/gradient_image.nii.gz, ../derivatives/analysis/gradients/sub-CT11/gradient_image.nii.gz, ../derivatives/analysis/gradients/sub-CT12/gradient_image.nii.gz, ../derivatives/analysis/gradients/sub-CT15/gradient_image.nii.gz, ../derivatives/analysis/gradients/sub-CT16/gradient_image.nii.gz, ../derivatives/analysis/gradients/sub-CT18/gradient_image.nii.gz, ../derivatives/analysis/gradients/sub-CT19/gradient_image.nii.gz, ../derivatives/analysis/gradients/sub-CT20/gradient_image.nii.gz, ../derivatives/analysis/gradients/sub-CT22/gradient_image.nii.gz, ../derivatives/analysis/gradients/sub-PD01/gradient_image.nii.gz, ../derivatives/analysis/gradients/sub-PD02/gradient_image.nii.gz, ../derivatives/analysis/gradients/sub-PD03/gradient_image.nii.gz, ../derivatives/analysis/gradients/sub-PD04/gradient_image.nii.gz, ../derivatives/analysis/gradients/sub-PD06/gradient_image.nii.gz, ../derivatives/analysis/gradients/sub-PD07/gradient_image.nii.gz, ../derivatives/analysis/gradients/sub-PD08/gradient_image.nii.gz, ../derivatives/analysis/gradients/sub-PD10/gradient_image.nii.gz, ../derivatives/analysis/gradients/sub-PD11/gradient_image.nii.gz, ../derivatives/analysis/gradients/sub-PD12/gradient_image.nii.gz, ../derivatives/analysis/gradients/sub-PD18/gradient_image.nii.gz, ../derivatives/analysis/gradients/sub-PD19/gradient_image.nii.gz, ../derivatives/analysis/gradients/sub-PD21/gradient_image.nii.gz
    jobid: 0
    resources: mem_mb=4000

Submitted job 0 with external jobid '31401437'.
Complete log: /scratch/dimuthu1/project2/Project_2/.snakemake/log/2020-05-13T160229.003193.snakemake.log
